<?xml version="1.0" encoding="UTF-8"?>
<!-- Generated by org.testng.reporters.JUnitXMLReporter -->
<testsuite ignored="3" hostname="DESKTOP-0T7R0CE" failures="0" tests="2" name="Test" time="39.881" errors="0" timestamp="2024-05-23T16:12:36 IST">
  <testcase classname="MyProject.MakeMyTripTests.LoginTest" name="loginTest1" time="22.024"/>
  <testcase classname="MyProject.MakeMyTripTests.HomePageTest" name="homeTest" time="16.58"/>
  <testcase classname="MyProject.MakeMyTrip.BaseClass.BaseClass" name="@AfterSuite afterSuite" time="0.0">
    <ignored/>
  </testcase> <!-- @AfterSuite afterSuite -->
  <testcase classname="MyProject.MakeMyTrip.BaseClass.BaseClass" name="@BeforeSuite launchBrowser" time="0.0">
    <ignored/>
  </testcase> <!-- @BeforeSuite launchBrowser -->
  <testcase classname="MyProject.MakeMyTrip.BaseClass.BaseClass" name="@AfterTest afterTest" time="0.0">
    <ignored/>
  </testcase> <!-- @AfterTest afterTest -->
</testsuite> <!-- Test -->
