<?xml version="1.0" encoding="UTF-8"?>
<testng-results ignored="0" total="2" passed="2" failed="0" skipped="0">
  <reporter-output>
  </reporter-output>
  <suite started-at="2024-05-23T16:11:56 IST" name="Suite" finished-at="2024-05-23T16:12:36 IST" duration-ms="39881">
    <groups>
    </groups>
    <test started-at="2024-05-23T16:11:56 IST" name="Test" finished-at="2024-05-23T16:12:36 IST" duration-ms="39881">
      <class name="MyProject.MakeMyTripTests.HomePageTest">
        <test-method is-config="true" signature="beforeClass()[pri:0, instance:MyProject.MakeMyTripTests.HomePageTest@60bd273d]" started-at="2024-05-23T16:12:19 IST" name="beforeClass" finished-at="2024-05-23T16:12:19 IST" duration-ms="0" status="PASS">
          <reporter-output>
          </reporter-output>
        </test-method> <!-- beforeClass -->
        <test-method is-config="true" signature="beforeMehtod()[pri:0, instance:MyProject.MakeMyTripTests.HomePageTest@60bd273d]" started-at="2024-05-23T16:12:19 IST" name="beforeMehtod" finished-at="2024-05-23T16:12:19 IST" duration-ms="1" status="PASS">
          <reporter-output>
          </reporter-output>
        </test-method> <!-- beforeMehtod -->
        <test-method signature="homeTest()[pri:0, instance:MyProject.MakeMyTripTests.HomePageTest@60bd273d]" started-at="2024-05-23T16:12:19 IST" name="homeTest" finished-at="2024-05-23T16:12:35 IST" duration-ms="16580" status="PASS">
          <reporter-output>
          </reporter-output>
        </test-method> <!-- homeTest -->
        <test-method is-config="true" signature="afterMethod()[pri:0, instance:MyProject.MakeMyTripTests.HomePageTest@60bd273d]" started-at="2024-05-23T16:12:35 IST" name="afterMethod" finished-at="2024-05-23T16:12:35 IST" duration-ms="5" status="PASS">
          <reporter-output>
          </reporter-output>
        </test-method> <!-- afterMethod -->
        <test-method is-config="true" signature="afterClass()[pri:0, instance:MyProject.MakeMyTripTests.HomePageTest@60bd273d]" started-at="2024-05-23T16:12:35 IST" name="afterClass" finished-at="2024-05-23T16:12:35 IST" duration-ms="2" status="PASS">
          <reporter-output>
          </reporter-output>
        </test-method> <!-- afterClass -->
      </class> <!-- MyProject.MakeMyTripTests.HomePageTest -->
      <class name="MyProject.MakeMyTripTests.LoginTest">
        <test-method is-config="true" signature="launchBrowser()[pri:0, instance:MyProject.MakeMyTripTests.LoginTest@3527942a]" started-at="2024-05-23T16:11:50 IST" name="launchBrowser" finished-at="2024-05-23T16:11:56 IST" duration-ms="5914" status="PASS">
          <reporter-output>
          </reporter-output>
        </test-method> <!-- launchBrowser -->
        <test-method is-config="true" signature="beforeClass()[pri:0, instance:MyProject.MakeMyTripTests.LoginTest@3527942a]" started-at="2024-05-23T16:11:57 IST" name="beforeClass" finished-at="2024-05-23T16:11:57 IST" duration-ms="2" status="PASS">
          <reporter-output>
          </reporter-output>
        </test-method> <!-- beforeClass -->
        <test-method is-config="true" signature="beforeMehtod()[pri:0, instance:MyProject.MakeMyTripTests.LoginTest@3527942a]" started-at="2024-05-23T16:11:57 IST" name="beforeMehtod" finished-at="2024-05-23T16:11:57 IST" duration-ms="1" status="PASS">
          <reporter-output>
          </reporter-output>
        </test-method> <!-- beforeMehtod -->
        <test-method signature="loginTest1()[pri:0, instance:MyProject.MakeMyTripTests.LoginTest@3527942a]" started-at="2024-05-23T16:11:57 IST" name="loginTest1" finished-at="2024-05-23T16:12:19 IST" duration-ms="22024" status="PASS">
          <reporter-output>
          </reporter-output>
        </test-method> <!-- loginTest1 -->
        <test-method is-config="true" signature="afterMethod()[pri:0, instance:MyProject.MakeMyTripTests.LoginTest@3527942a]" started-at="2024-05-23T16:12:19 IST" name="afterMethod" finished-at="2024-05-23T16:12:19 IST" duration-ms="1" status="PASS">
          <reporter-output>
          </reporter-output>
        </test-method> <!-- afterMethod -->
        <test-method is-config="true" signature="afterClass()[pri:0, instance:MyProject.MakeMyTripTests.LoginTest@3527942a]" started-at="2024-05-23T16:12:19 IST" name="afterClass" finished-at="2024-05-23T16:12:19 IST" duration-ms="1" status="PASS">
          <reporter-output>
          </reporter-output>
        </test-method> <!-- afterClass -->
        <test-method is-config="true" signature="afterTest()[pri:0, instance:MyProject.MakeMyTripTests.LoginTest@3527942a]" started-at="2024-05-23T16:12:35 IST" name="afterTest" finished-at="2024-05-23T16:12:36 IST" duration-ms="445" status="PASS">
          <reporter-output>
          </reporter-output>
        </test-method> <!-- afterTest -->
        <test-method is-config="true" signature="afterSuite()[pri:0, instance:MyProject.MakeMyTripTests.LoginTest@3527942a]" started-at="2024-05-23T16:12:36 IST" name="afterSuite" finished-at="2024-05-23T16:12:36 IST" duration-ms="2" status="PASS">
          <reporter-output>
          </reporter-output>
        </test-method> <!-- afterSuite -->
      </class> <!-- MyProject.MakeMyTripTests.LoginTest -->
    </test> <!-- Test -->
  </suite> <!-- Suite -->
</testng-results>
