<?xml version="1.0" encoding="UTF-8"?>
<testsuite xmlns:xsi="http://www.w3.org/2001/XMLSchema-instance" xsi:noNamespaceSchemaLocation="https://maven.apache.org/surefire/maven-surefire-plugin/xsd/surefire-test-report-3.0.xsd" version="3.0" name="TestSuite" time="47.147" tests="2" errors="0" skipped="0" failures="0">
  <properties>
[...]
</properties>
  <testcase name="loginTest1" classname="MyProject.MakeMyTripTests.LoginTest" time="22.017">
    <system-out><![CDATA[This is beforeSuite
This is onStart method
This is beforeClass
This is beforeMehtod
This is onTestStart method
ChromeDriver: chrome on windows (4525f3cf487bf5f968ec56cfa6f4a02a)
This is onTestSuccess method
]]></system-out>
    <system-err><![CDATA[SLF4J: Failed to load class "org.slf4j.impl.StaticLoggerBinder".
SLF4J: Defaulting to no-operation (NOP) logger implementation
SLF4J: See http://www.slf4j.org/codes.html#StaticLoggerBinder for further details.
May 23, 2024 4:11:52 PM org.openqa.selenium.devtools.CdpVersionFinder findNearestMatch
WARNING: Unable to find an exact match for CDP version 125, returning the closest version; found: 124; Please update to a Selenium version that supports CDP version 125
]]></system-err>
  </testcase>
  <testcase name="homeTest" classname="MyProject.MakeMyTripTests.HomePageTest" time="16.586">
    <system-out><![CDATA[This is afterMethod
This is afterClass
This is beforeClass
This is beforeMehtod
This is onTestStart method
ChromeDriver: chrome on windows (4525f3cf487bf5f968ec56cfa6f4a02a)
https://www.makemytrip.com/flights/
https://www.makemytrip.com/hotels/
https://www.makemytrip.com/homestays/
https://www.makemytrip.com/holidays-india/
https://www.makemytrip.com/railways/
https://www.makemytrip.com/bus-tickets/
https://www.makemytrip.com/cabs/
https://www.makemytrip.com/forex/
This is onTestSuccess method
]]></system-out>
  </testcase>
</testsuite>