<?xml version="1.0" encoding="UTF-8"?>
<testng-results ignored="3" total="5" passed="2" failed="0" skipped="0">
  <reporter-output>
  </reporter-output>
  <suite started-at="2024-05-23T15:41:27 IST" name="Suite" finished-at="2024-05-23T15:42:08 IST" duration-ms="40966">
    <groups>
    </groups>
    <test started-at="2024-05-23T15:41:27 IST" name="Test" finished-at="2024-05-23T15:42:08 IST" duration-ms="40966">
      <class name="MyProject.MakeMyTripTests.HomePageTest">
        <test-method is-config="true" signature="beforeClass()[pri:0, instance:MyProject.MakeMyTripTests.HomePageTest@2f217633]" started-at="2024-05-23T15:41:51 IST" name="beforeClass" finished-at="2024-05-23T15:41:51 IST" duration-ms="0" status="PASS">
          <reporter-output>
          </reporter-output>
        </test-method> <!-- beforeClass -->
        <test-method is-config="true" signature="beforeMehtod()[pri:0, instance:MyProject.MakeMyTripTests.HomePageTest@2f217633]" started-at="2024-05-23T15:41:51 IST" name="beforeMehtod" finished-at="2024-05-23T15:41:51 IST" duration-ms="1" status="PASS">
          <reporter-output>
          </reporter-output>
        </test-method> <!-- beforeMehtod -->
        <test-method signature="homeTest()[pri:0, instance:MyProject.MakeMyTripTests.HomePageTest@2f217633]" started-at="2024-05-23T15:41:51 IST" name="homeTest" finished-at="2024-05-23T15:42:08 IST" duration-ms="16738" status="PASS">
          <reporter-output>
          </reporter-output>
        </test-method> <!-- homeTest -->
        <test-method is-config="true" signature="afterMethod()[pri:0, instance:MyProject.MakeMyTripTests.HomePageTest@2f217633]" started-at="2024-05-23T15:42:08 IST" name="afterMethod" finished-at="2024-05-23T15:42:08 IST" duration-ms="1" status="PASS">
          <reporter-output>
          </reporter-output>
        </test-method> <!-- afterMethod -->
        <test-method is-config="true" signature="afterClass()[pri:0, instance:MyProject.MakeMyTripTests.HomePageTest@2f217633]" started-at="2024-05-23T15:42:08 IST" name="afterClass" finished-at="2024-05-23T15:42:08 IST" duration-ms="0" status="PASS">
          <reporter-output>
          </reporter-output>
        </test-method> <!-- afterClass -->
      </class> <!-- MyProject.MakeMyTripTests.HomePageTest -->
      <class name="MyProject.MakeMyTripTests.LoginTest">
        <test-method is-config="true" signature="launchBrowser(org.testng.ITestContext)[pri:0, instance:MyProject.MakeMyTripTests.LoginTest@7205765b]" started-at="2024-05-23T15:41:21 IST" name="launchBrowser" finished-at="2024-05-23T15:41:27 IST" duration-ms="5875" status="PASS">
          <params>
            <param index="0">
              <value>
                <![CDATA[org.testng.TestRunner@227a47]]>
              </value>
            </param>
          </params>
          <reporter-output>
          </reporter-output>
        </test-method> <!-- launchBrowser -->
        <test-method is-config="true" signature="beforeClass()[pri:0, instance:MyProject.MakeMyTripTests.LoginTest@7205765b]" started-at="2024-05-23T15:41:28 IST" name="beforeClass" finished-at="2024-05-23T15:41:28 IST" duration-ms="1" status="PASS">
          <reporter-output>
          </reporter-output>
        </test-method> <!-- beforeClass -->
        <test-method is-config="true" signature="beforeMehtod()[pri:0, instance:MyProject.MakeMyTripTests.LoginTest@7205765b]" started-at="2024-05-23T15:41:28 IST" name="beforeMehtod" finished-at="2024-05-23T15:41:28 IST" duration-ms="0" status="PASS">
          <reporter-output>
          </reporter-output>
        </test-method> <!-- beforeMehtod -->
        <test-method signature="loginTest1()[pri:0, instance:MyProject.MakeMyTripTests.LoginTest@7205765b]" started-at="2024-05-23T15:41:28 IST" name="loginTest1" finished-at="2024-05-23T15:41:51 IST" duration-ms="22493" status="PASS">
          <reporter-output>
          </reporter-output>
        </test-method> <!-- loginTest1 -->
        <test-method is-config="true" signature="afterMethod()[pri:0, instance:MyProject.MakeMyTripTests.LoginTest@7205765b]" started-at="2024-05-23T15:41:51 IST" name="afterMethod" finished-at="2024-05-23T15:41:51 IST" duration-ms="1" status="PASS">
          <reporter-output>
          </reporter-output>
        </test-method> <!-- afterMethod -->
        <test-method is-config="true" signature="afterClass()[pri:0, instance:MyProject.MakeMyTripTests.LoginTest@7205765b]" started-at="2024-05-23T15:41:51 IST" name="afterClass" finished-at="2024-05-23T15:41:51 IST" duration-ms="1" status="PASS">
          <reporter-output>
          </reporter-output>
        </test-method> <!-- afterClass -->
        <test-method is-config="true" signature="afterTest()[pri:0, instance:MyProject.MakeMyTripTests.LoginTest@7205765b]" started-at="2024-05-23T15:42:08 IST" name="afterTest" finished-at="2024-05-23T15:42:08 IST" duration-ms="372" status="PASS">
          <reporter-output>
          </reporter-output>
        </test-method> <!-- afterTest -->
        <test-method is-config="true" signature="afterSuite()[pri:0, instance:MyProject.MakeMyTripTests.LoginTest@7205765b]" started-at="2024-05-23T15:42:09 IST" name="afterSuite" finished-at="2024-05-23T15:42:09 IST" duration-ms="1" status="PASS">
          <reporter-output>
          </reporter-output>
        </test-method> <!-- afterSuite -->
      </class> <!-- MyProject.MakeMyTripTests.LoginTest -->
    </test> <!-- Test -->
  </suite> <!-- Suite -->
</testng-results>
